<?xml version="1.0" encoding="UTF-8"?>
<testng-results ignored="0" total="1" passed="1" failed="0" skipped="0">
  <reporter-output>
  </reporter-output>
  <suite started-at="2018-12-08T17:03:55Z" name="Default suite" finished-at="2018-12-08T17:03:58Z" duration-ms="2116">
    <groups>
    </groups>
    <test started-at="2018-12-08T17:03:55Z" name="Default test" finished-at="2018-12-08T17:03:58Z" duration-ms="2116">
      <class name="com.Maven.BaseClass">
        <test-method signature="setup()[pri:0, instance:com.Maven.BaseClass@52af26ee]" started-at="2018-12-08T17:03:55Z" name="setup" finished-at="2018-12-08T17:03:58Z" duration-ms="2100" status="PASS">
          <reporter-output>
          </reporter-output>
        </test-method> <!-- setup -->
      </class> <!-- com.Maven.BaseClass -->
    </test> <!-- Default test -->
  </suite> <!-- Default suite -->
</testng-results>
